Removed Pin From Net: NetName=GND Pin=C12-1
Removed Pin From Net: NetName=+3V3 Pin=C12-2
Removed Pin From Net: NetName=GNDB Pin=C15-1
Removed Pin From Net: NetName=+5V_MOTOR_DRIVE_1 Pin=C15-2
Removed Pin From Net: NetName=GND Pin=J7-1
Removed Pin From Net: NetName=+3V3 Pin=J7-2
Removed Pin From Net: NetName=GPIO1 Pin=J7-4
Removed Pin From Net: NetName=GND Pin=J7-5
Removed Pin From Net: NetName=GPIO2 Pin=J7-6
Removed Pin From Net: NetName=GND Pin=J7-7
Removed Pin From Net: NetName=GPIO3 Pin=J7-8
Removed Pin From Net: NetName=GND Pin=J7-9
Removed Pin From Net: NetName=GPIO4 Pin=J7-10
Removed Pin From Net: NetName=V_BATT Pin=R4-2
Removed Pin From Net: NetName=GNDB Pin=R5-1
Removed Pin From Net: NetName=NetD4_MOTOR_DRIVE_1_2 Pin=R15_MOTOR_DRIVE_1-1
Removed Pin From Net: NetName=NetD4_MOTOR_DRIVE_2_2 Pin=R15_MOTOR_DRIVE_2-1
Removed Pin From Net: NetName=NetD4_MOTOR_DRIVE_3_2 Pin=R15_MOTOR_DRIVE_3-1
Removed Pin From Net: NetName=M3_PWM_1 Pin=U2-9
Removed Pin From Net: NetName=M3_PWM_2 Pin=U2-10
Removed Pin From Net: NetName=TRW_PWM Pin=U2-11
Removed Pin From Net: NetName=M1_ENC_A Pin=U2-12
Removed Pin From Net: NetName=SWDIO Pin=U2-13
Removed Pin From Net: NetName=M1_ENC_B Pin=U2-18
Removed Pin From Net: NetName=M2_ENC_A Pin=U2-19
Removed Pin From Net: NetName=M2_ENC_B Pin=U2-20
Removed Pin From Net: NetName=M3_ENC_A Pin=U2-21
Removed Pin From Net: NetName=M3_ENC_B Pin=U2-22
Removed Pin From Net: NetName=USB_D+ Pin=U2-23
Removed Pin From Net: NetName=USB_D- Pin=U2-24
Removed Pin From Net: NetName=DRV_OFF Pin=U2-25
Removed Pin From Net: NetName=SWCLK Pin=U2-26
Removed Pin From Net: NetName=GPIO1 Pin=U2-28
Removed Pin From Net: NetName=GPIO2 Pin=U2-29
Removed Pin From Net: NetName=GPIO3 Pin=U2-30
Removed Pin From Net: NetName=GPIO4 Pin=U2-31
Removed Pin From Net: NetName=+5V_MOTOR_DRIVE_1 Pin=U7-1
Removed Pin From Net: NetName=GNDB Pin=U7-2
Removed Pin From Net: NetName=GNDB Pin=U7-8
Removed Pin From Net: NetName=GND Pin=U7-9
Removed Pin From Net: NetName=GND Pin=U7-15
Removed Pin From Net: NetName=+3V3 Pin=U7-16
Removed Pin From Net: NetName=NetD4_MOTOR_DRIVE_1_1 Pin=U10_MOTOR_DRIVE_1-26
Removed Pin From Net: NetName=NetD4_MOTOR_DRIVE_2_1 Pin=U10_MOTOR_DRIVE_2-26
Removed Pin From Net: NetName=NetD4_MOTOR_DRIVE_3_1 Pin=U10_MOTOR_DRIVE_3-26
Removed Member From Class: ClassName=motor_MCU Member=C12
Removed Member From Class: ClassName=motor_MCU Member=R4
Removed Member From Class: ClassName=motor_MCU Member=R5
Change Component Footprint: Designator=C1 Old Footprint=C1206 New Footprint=1608[0603]
Change Component Footprint: Designator=C4 Old Footprint=C1206 New Footprint=1608[0603]
Change Component Footprint: Designator=C7 Old Footprint=C1206 New Footprint=1608[0603]
Change Component Footprint: Designator=C8 Old Footprint=C1206 New Footprint=1608[0603]
Change Component Footprint: Designator=J7 Old Footprint=FTSH-105-01-XXX-DV-K New Footprint=TE_7-215079-4
Change Component Comment : Designator=J7 Old Comment=FTSH-105-01-XXX-DV-K New Comment=7-215079-4
Change component parameters: Designator = "J7" ("J7"); Footprint = "FTSH-105-01-XXX-DV-K"; UniqueID = "\LPVPOVAX" ("\LPVPOVAX")
Change component parameters (AddParameter): Name = "Availability"; Value = "Unavailable"; VariantName = "[No Variations]"
Change component parameters (AddParameter): Name = "MF"; Value = "TE Connectivity"; VariantName = "[No Variations]"
Change component parameters (AddParameter): Name = "MP"; Value = "7-215079-4"; VariantName = "[No Variations]"
Change component parameters (AddParameter): Name = "Package"; Value = "SMD-6"; VariantName = "[No Variations]"
Change component parameters (AddParameter): Name = "Price"; Value = "None"; VariantName = "[No Variations]"
Change component parameters (AddParameter): Name = "SnapEDA_Link"; Value = "https://www.snapeda.com/parts/7-215079-4/TE%20Connectivity%20AMP%20Connectors/view-part/453401/?ref=snap"; VariantName = "[No Variations]"
Change component parameters (AddParameter): Name = "Value"; Value = ""; VariantName = "[No Variations]"
Added Component: Designator=C16(1608[0603])
Add component (AddParameter): Name = "LatestRevisionDate"; Value = "29-May-2009"; VariantName = "[No Variations]"
Add component (AddParameter): Name = "LatestRevisionNote"; Value = "IPC-7351 Footprint Added."; VariantName = "[No Variations]"
Add component (AddParameter): Name = "PackageDescription"; Value = "Chip Capacitor"; VariantName = "[No Variations]"
Add component (AddParameter): Name = "PackageReference"; Value = "C1206"; VariantName = "[No Variations]"
Add component (AddParameter): Name = "Published"; Value = "8-Jun-2000"; VariantName = "[No Variations]"
Add component (AddParameter): Name = "Publisher"; Value = "Altium Limited"; VariantName = "[No Variations]"
Add component (AddParameter): Name = "Value"; Value = "100nF"; VariantName = "[No Variations]"
Added Component: Designator=C17(1608[0603])
Add component (AddParameter): Name = "LatestRevisionDate"; Value = "29-May-2009"; VariantName = "[No Variations]"
Add component (AddParameter): Name = "LatestRevisionNote"; Value = "IPC-7351 Footprint Added."; VariantName = "[No Variations]"
Add component (AddParameter): Name = "PackageDescription"; Value = "Chip Capacitor"; VariantName = "[No Variations]"
Add component (AddParameter): Name = "PackageReference"; Value = "C1206"; VariantName = "[No Variations]"
Add component (AddParameter): Name = "Published"; Value = "8-Jun-2000"; VariantName = "[No Variations]"
Add component (AddParameter): Name = "Publisher"; Value = "Altium Limited"; VariantName = "[No Variations]"
Add component (AddParameter): Name = "Value"; Value = "4.7uF"; VariantName = "[No Variations]"
Added Component: Designator=C18(1608[0603])
Add component (AddParameter): Name = "LatestRevisionDate"; Value = "29-May-2009"; VariantName = "[No Variations]"
Add component (AddParameter): Name = "LatestRevisionNote"; Value = "IPC-7351 Footprint Added."; VariantName = "[No Variations]"
Add component (AddParameter): Name = "PackageDescription"; Value = "Chip Capacitor"; VariantName = "[No Variations]"
Add component (AddParameter): Name = "PackageReference"; Value = "C1206"; VariantName = "[No Variations]"
Add component (AddParameter): Name = "Published"; Value = "8-Jun-2000"; VariantName = "[No Variations]"
Add component (AddParameter): Name = "Publisher"; Value = "Altium Limited"; VariantName = "[No Variations]"
Add component (AddParameter): Name = "Value"; Value = "4.7uF"; VariantName = "[No Variations]"
Added Component: Designator=J8(TE_7-215079-4)
Add component (AddParameter): Name = "Availability"; Value = "Unavailable"; VariantName = "[No Variations]"
Add component (AddParameter): Name = "MF"; Value = "TE Connectivity"; VariantName = "[No Variations]"
Add component (AddParameter): Name = "MP"; Value = "7-215079-4"; VariantName = "[No Variations]"
Add component (AddParameter): Name = "Package"; Value = "SMD-6"; VariantName = "[No Variations]"
Add component (AddParameter): Name = "Price"; Value = "None"; VariantName = "[No Variations]"
Add component (AddParameter): Name = "SnapEDA_Link"; Value = "https://www.snapeda.com/parts/7-215079-4/TE%20Connectivity%20AMP%20Connectors/view-part/453401/?ref=snap"; VariantName = "[No Variations]"
Add component (AddParameter): Name = "Value"; Value = ""; VariantName = "[No Variations]"
Added Component: Designator=J9(TE_7-215079-4)
Add component (AddParameter): Name = "Availability"; Value = "Unavailable"; VariantName = "[No Variations]"
Add component (AddParameter): Name = "MF"; Value = "TE Connectivity"; VariantName = "[No Variations]"
Add component (AddParameter): Name = "MP"; Value = "7-215079-4"; VariantName = "[No Variations]"
Add component (AddParameter): Name = "Package"; Value = "SMD-6"; VariantName = "[No Variations]"
Add component (AddParameter): Name = "Price"; Value = "None"; VariantName = "[No Variations]"
Add component (AddParameter): Name = "SnapEDA_Link"; Value = "https://www.snapeda.com/parts/7-215079-4/TE%20Connectivity%20AMP%20Connectors/view-part/453401/?ref=snap"; VariantName = "[No Variations]"
Add component (AddParameter): Name = "Value"; Value = ""; VariantName = "[No Variations]"
Added Component: Designator=VR1(D2PAK_N)
Add component (AddParameter): Name = "LatestRevisionDate"; Value = "29-May-2009"; VariantName = "[No Variations]"
Add component (AddParameter): Name = "LatestRevisionNote"; Value = "IPC-7351 Footprint Added."; VariantName = "[No Variations]"
Add component (AddParameter): Name = "PackageDescription"; Value = "3-Pin Transistor Outline Package 2.54 mm Pitch, 15.1 mm Lead Span"; VariantName = "[No Variations]"
Add component (AddParameter): Name = "PackageReference"; Value = "D2PAK"; VariantName = "[No Variations]"
Add component (AddParameter): Name = "Published"; Value = "24-Mar-1999"; VariantName = "[No Variations]"
Add component (AddParameter): Name = "Publisher"; Value = "Altium Limited"; VariantName = "[No Variations]"
Added Pin To Net: NetName=GND Pin=C15-1
Added Pin To Net: NetName=+3V3 Pin=C15-2
Added Pin To Net: NetName=GNDB Pin=C16-1
Added Pin To Net: NetName=GNDB Pin=C17-1
Added Pin To Net: NetName=V_BATT Pin=C17-2
Added Pin To Net: NetName=GNDB Pin=C18-1
Added Pin To Net: NetName=GND Pin=J7-4
Added Pin To Net: NetName=+5V_USB Pin=J8-1
Added Pin To Net: NetName=GPIO4 Pin=J8-2
Added Pin To Net: NetName=GND Pin=J8-3
Added Pin To Net: NetName=GND Pin=J8-4
Added Pin To Net: NetName=+3V3 Pin=J9-1
Added Pin To Net: NetName=GPIO1 Pin=J9-2
Added Pin To Net: NetName=GND Pin=J9-3
Added Pin To Net: NetName=GPIO2 Pin=J9-4
Added Pin To Net: NetName=GND Pin=R2-1
Added Pin To Net: NetName=NetD4_MOTOR_DRIVE_1_1 Pin=R15_MOTOR_DRIVE_1-1
Added Pin To Net: NetName=NetD4_MOTOR_DRIVE_2_1 Pin=R15_MOTOR_DRIVE_2-1
Added Pin To Net: NetName=NetD4_MOTOR_DRIVE_3_1 Pin=R15_MOTOR_DRIVE_3-1
Added Pin To Net: NetName=DRV_OFF Pin=U2-9
Added Pin To Net: NetName=GPIO2 Pin=U2-10
Added Pin To Net: NetName=M3_PWM_1 Pin=U2-11
Added Pin To Net: NetName=M3_PWM_2 Pin=U2-12
Added Pin To Net: NetName=GPIO3 Pin=U2-13
Added Pin To Net: NetName=M1_ENC_A Pin=U2-18
Added Pin To Net: NetName=M1_ENC_B Pin=U2-19
Added Pin To Net: NetName=GPIO1 Pin=U2-20
Added Pin To Net: NetName=USB_D- Pin=U2-21
Added Pin To Net: NetName=USB_D+ Pin=U2-22
Added Pin To Net: NetName=SWDIO Pin=U2-23
Added Pin To Net: NetName=SWCLK Pin=U2-24
Added Pin To Net: NetName=TRW_PWM Pin=U2-25
Added Pin To Net: NetName=GPIO4 Pin=U2-26
Added Pin To Net: NetName=M2_ENC_A Pin=U2-27
Added Pin To Net: NetName=M2_ENC_B Pin=U2-28
Added Pin To Net: NetName=M3_ENC_A Pin=U2-29
Added Pin To Net: NetName=M3_ENC_B Pin=U2-30
Added Pin To Net: NetName=+3V3 Pin=U7-1
Added Pin To Net: NetName=GND Pin=U7-2
Added Pin To Net: NetName=GPIO3 Pin=U7-3
Added Pin To Net: NetName=GND Pin=U7-8
Added Pin To Net: NetName=GNDB Pin=U7-9
Added Pin To Net: NetName=GNDB Pin=U7-15
Added Pin To Net: NetName=NetD4_MOTOR_DRIVE_1_2 Pin=U10_MOTOR_DRIVE_1-26
Added Pin To Net: NetName=NetD4_MOTOR_DRIVE_2_2 Pin=U10_MOTOR_DRIVE_2-26
Added Pin To Net: NetName=NetD4_MOTOR_DRIVE_3_2 Pin=U10_MOTOR_DRIVE_3-26
Added Pin To Net: NetName=V_BATT Pin=VR1-1
Added Pin To Net: NetName=GNDB Pin=VR1-2
Added Pin To Net: NetName=+5_SERVO Pin=C16-2
Added Pin To Net: NetName=+5_SERVO Pin=C18-2
Added Pin To Net: NetName=+5_SERVO Pin=J7-1
Added Pin To Net: NetName=+5_SERVO Pin=U7-16
Added Pin To Net: NetName=+5_SERVO Pin=VR1-3
Added Net: Name=+5_SERVO
Added Pin To Net: NetName=GPIO3_B Pin=J7-2
Added Pin To Net: NetName=GPIO3_B Pin=U7-14
Added Net: Name=GPIO3_B
Added Member To Class: ClassName=motor_MCU Member=Component C16 Cap Semi
Added Member To Class: ClassName=motor_MCU Member=Component C17 Cap Semi
Added Member To Class: ClassName=motor_MCU Member=Component C18 Cap Semi
Added Member To Class: ClassName=motor_MCU Member=Component J8 7-215079-4
Added Member To Class: ClassName=motor_MCU Member=Component J9 7-215079-4
Added Member To Class: ClassName=motor_MCU Member=Component VR1 7805
