Added Component: Designator=P1(PCBComponent_1)
Added Component: Designator=P2(PCBComponent_1)
Added Component: Designator=P3(PCBComponent_1)
Added Component: Designator=P4(PCBComponent_1)
Added Component: Designator=P5(PCBComponent_1)
Added Component: Designator=P6(PCBComponent_1)
Added Component: Designator=P7(PCBComponent_1)
Added Component: Designator=P8(PCBComponent_1)
Added Component: Designator=Q1(TO127P600X120-5N)
Add component (AddParameter): Name = "LatestRevisionDate"; Value = "17-Jul-2002"; VariantName = "[No Variations]"
Add component (AddParameter): Name = "LatestRevisionNote"; Value = "Re-released for DXP Platform."; VariantName = "[No Variations]"
Add component (AddParameter): Name = "PackageDescription"; Value = "TO, Flat Index; 3 In-Line, Axial Leads; Body Dia. 4.6mm; Lead Dia. 0.5 mm (max)"; VariantName = "[No Variations]"
Add component (AddParameter): Name = "PackageReference"; Value = "E3"; VariantName = "[No Variations]"
Add component (AddParameter): Name = "PackageVersion"; Value = "1995/1996"; VariantName = "[No Variations]"
Add component (AddParameter): Name = "Published"; Value = "8-Jun-2000"; VariantName = "[No Variations]"
Add component (AddParameter): Name = "Publisher"; Value = "Altium Limited"; VariantName = "[No Variations]"
Added Component: Designator=U1(SOT23-5)
Added Component: Designator=U3(SOT23-5)
Added Component: Designator=U4(TSSOP5)
Added Component: Designator=U5(SOIC127P1030X265-16N)
Added Component: Designator=U6(SOIC127P1030X265-16N)
Added Component: Designator=U7(SOIC127P1030X265-16N)
Added Pin To Net: NetName=NetP1_1 Pin=P1-1
Added Pin To Net: NetName=GNDB Pin=P2-1
Added Pin To Net: NetName=NetP3_1 Pin=P3-1
Added Pin To Net: NetName=NetP4_1 Pin=P4-1
Added Pin To Net: NetName=NetP5_1 Pin=P5-1
Added Pin To Net: NetName=NetP6_1 Pin=P6-1
Added Pin To Net: NetName=NetP7_1 Pin=P7-1
Added Pin To Net: NetName=NetP8_1 Pin=P8-1
Added Pin To Net: NetName=NetP1_1 Pin=Q1-1
Added Pin To Net: NetName=GNDB Pin=Q1-2
Added Pin To Net: NetName=V_BATT Pin=Q1-3
Added Pin To Net: NetName=GND Pin=U1-2
Added Pin To Net: NetName=USB_D+ Pin=U1-3
Added Pin To Net: NetName=USB_D- Pin=U1-4
Added Pin To Net: NetName=+5V_USB Pin=U1-5
Added Pin To Net: NetName=+5V_USB Pin=U3-1
Added Pin To Net: NetName=+5V_USB Pin=U3-1
Added Pin To Net: NetName=GND Pin=U3-2
Added Pin To Net: NetName=+5V_USB Pin=U3-3
Added Pin To Net: NetName=NetR1_1 Pin=U3-4
Added Pin To Net: NetName=+3V3 Pin=U3-5
Added Pin To Net: NetName=V_BATT Pin=U4-1
Added Pin To Net: NetName=GNDB Pin=U4-2
Added Pin To Net: NetName=V_BATT Pin=U4-3
Added Pin To Net: NetName=NetR2_1 Pin=U4-4
Added Pin To Net: NetName=+5_MOTOR_DRIVE_1 Pin=U4-5
Added Pin To Net: NetName=+3V3 Pin=U5-1
Added Pin To Net: NetName=GND Pin=U5-2
Added Pin To Net: NetName=M1_PWM_1 Pin=U5-3
Added Pin To Net: NetName=M1_PWM_2 Pin=U5-4
Added Pin To Net: NetName=M2_PWM_1 Pin=U5-5
Added Pin To Net: NetName=M2_PWM_2 Pin=U5-6
Added Pin To Net: NetName=GND Pin=U5-8
Added Pin To Net: NetName=GNDB Pin=U5-9
Added Pin To Net: NetName=M2_PWM_2B Pin=U5-11
Added Pin To Net: NetName=M2_PWM_1B Pin=U5-12
Added Pin To Net: NetName=M1_PWM_2B Pin=U5-13
Added Pin To Net: NetName=M1_PWM_1B Pin=U5-14
Added Pin To Net: NetName=GNDB Pin=U5-15
Added Pin To Net: NetName=+5_MOTOR_DRIVE_1 Pin=U5-16
Added Pin To Net: NetName=+3V3 Pin=U6-1
Added Pin To Net: NetName=GND Pin=U6-2
Added Pin To Net: NetName=M3_PWM_1 Pin=U6-3
Added Pin To Net: NetName=M3_PWM_2 Pin=U6-4
Added Pin To Net: NetName=TRW_PWM Pin=U6-5
Added Pin To Net: NetName=DRV_OFF Pin=U6-6
Added Pin To Net: NetName=GND Pin=U6-8
Added Pin To Net: NetName=GNDB Pin=U6-9
Added Pin To Net: NetName=DRV_OFF_MOTOR_DRIVE_1 Pin=U6-11
Added Pin To Net: NetName=TRW_PWM_B Pin=U6-12
Added Pin To Net: NetName=M3_PWM_2B Pin=U6-13
Added Pin To Net: NetName=M3_PWM_1B Pin=U6-14
Added Pin To Net: NetName=GNDB Pin=U6-15
Added Pin To Net: NetName=+5_MOTOR_DRIVE_1 Pin=U6-16
Added Pin To Net: NetName=+5_MOTOR_DRIVE_1 Pin=U7-1
Added Pin To Net: NetName=GNDB Pin=U7-2
Added Pin To Net: NetName=M_BAT_MON_B Pin=U7-3
Added Pin To Net: NetName=GNDB Pin=U7-8
Added Pin To Net: NetName=GND Pin=U7-9
Added Pin To Net: NetName=M_BAT_MON Pin=U7-14
Added Pin To Net: NetName=GND Pin=U7-15
Added Pin To Net: NetName=+3V3 Pin=U7-16
Added Member To Class: ClassName=motor_MCU Member=Component P1 BAT+
Added Member To Class: ClassName=motor_MCU Member=Component P2 BAT-
Added Member To Class: ClassName=motor_MCU Member=Component P3 M1+
Added Member To Class: ClassName=motor_MCU Member=Component P4 M1-
Added Member To Class: ClassName=motor_MCU Member=Component P5 M2+
Added Member To Class: ClassName=motor_MCU Member=Component P6 M2-
Added Member To Class: ClassName=motor_MCU Member=Component P7 M3+
Added Member To Class: ClassName=motor_MCU Member=Component P8 M3-
Added Member To Class: ClassName=motor_MCU Member=Component Q1 BUK6Y10-30P
Added Member To Class: ClassName=motor_MCU Member=Component U1 CM1223
Added Member To Class: ClassName=motor_MCU Member=Component U3 NCP164C
Added Member To Class: ClassName=motor_MCU Member=Component U4 NCV8730
Added Member To Class: ClassName=motor_MCU Member=Component U5 MAX14930
Added Member To Class: ClassName=motor_MCU Member=Component U6 MAX14930
Added Member To Class: ClassName=motor_MCU Member=Component U7 MAX14930
