Removed Pin From Net: NetName=+5V_DR_MOTOR_DRIVE_1 Pin=C10_MOTOR_DRIVE_1-1
Removed Pin From Net: NetName=GNDB Pin=C10_MOTOR_DRIVE_1-2
Removed Pin From Net: NetName=+5V_DR_MOTOR_DRIVE_1 Pin=C10_MOTOR_DRIVE_2-1
Removed Pin From Net: NetName=GNDB Pin=C10_MOTOR_DRIVE_2-2
Removed Pin From Net: NetName=+5V_DR_MOTOR_DRIVE_1 Pin=C10_MOTOR_DRIVE_3-1
Removed Pin From Net: NetName=GNDB Pin=C10_MOTOR_DRIVE_3-2
Removed Pin From Net: NetName=V_BATT Pin=C11_MOTOR_DRIVE_1-1
Removed Pin From Net: NetName=GNDB Pin=C11_MOTOR_DRIVE_1-2
Removed Pin From Net: NetName=V_BATT Pin=C11_MOTOR_DRIVE_2-1
Removed Pin From Net: NetName=GNDB Pin=C11_MOTOR_DRIVE_2-2
Removed Pin From Net: NetName=V_BATT Pin=C11_MOTOR_DRIVE_3-1
Removed Pin From Net: NetName=GNDB Pin=C11_MOTOR_DRIVE_3-2
Removed Pin From Net: NetName=NetP1_1 Pin=Q?-1
Removed Member From Class: ClassName=motor_MCU Member=Q?
Change Component Footprint: Designator=R1 Old Footprint=CAPC2012X135N New Footprint=0603
Change Component Footprint: Designator=R2 Old Footprint=CAPC2012X135N New Footprint=0603
Change Component Footprint: Designator=R3 Old Footprint=CAPC2012X135N New Footprint=0603
Change Component Footprint: Designator=C10_MOTOR_DRIVE_1 Old Footprint=CAPC2012X135N New Footprint=1608[0603]
Change Component Footprint: Designator=C10_MOTOR_DRIVE_2 Old Footprint=CAPC2012X135N New Footprint=1608[0603]
Change Component Footprint: Designator=C10_MOTOR_DRIVE_3 Old Footprint=CAPC2012X135N New Footprint=1608[0603]
Change Component Footprint: Designator=C11_MOTOR_DRIVE_1 Old Footprint=CAPC2012X135N New Footprint=1608[0603]
Change Component Footprint: Designator=C11_MOTOR_DRIVE_2 Old Footprint=CAPC2012X135N New Footprint=1608[0603]
Change Component Footprint: Designator=C11_MOTOR_DRIVE_3 Old Footprint=CAPC2012X135N New Footprint=1608[0603]
Change Component Comment : Designator=C10_MOTOR_DRIVE_1 Old Comment=100n New Comment=Cap Semi
Change Component Comment : Designator=C10_MOTOR_DRIVE_2 Old Comment=100n New Comment=Cap Semi
Change Component Comment : Designator=C10_MOTOR_DRIVE_3 Old Comment=100n New Comment=Cap Semi
Change Component Comment : Designator=C11_MOTOR_DRIVE_1 Old Comment=100n New Comment=Cap Semi
Change Component Comment : Designator=C11_MOTOR_DRIVE_2 Old Comment=100n New Comment=Cap Semi
Change Component Comment : Designator=C11_MOTOR_DRIVE_3 Old Comment=100n New Comment=Cap Semi
Change component parameters: Designator = "C10_MOTOR_DRIVE_1" ("C10"); Footprint = "CAPC2012X135N"; UniqueID = "\QBKRYTLD\NSHCEVHH" ("\QBKRYTLD\NSHCEVHH")
Change component parameters (AddParameter): Name = "LatestRevisionDate"; Value = "29-May-2009"; VariantName = "[No Variations]"
Change component parameters (AddParameter): Name = "LatestRevisionNote"; Value = "IPC-7351 Footprint Added."; VariantName = "[No Variations]"
Change component parameters (AddParameter): Name = "PackageDescription"; Value = "Chip Capacitor"; VariantName = "[No Variations]"
Change component parameters (AddParameter): Name = "PackageReference"; Value = "C1206"; VariantName = "[No Variations]"
Change component parameters (AddParameter): Name = "Published"; Value = "8-Jun-2000"; VariantName = "[No Variations]"
Change component parameters (AddParameter): Name = "Publisher"; Value = "Altium Limited"; VariantName = "[No Variations]"
Change component parameters (AddParameter): Name = "Value"; Value = "100nF"; VariantName = "[No Variations]"
Change component parameters: Designator = "C10_MOTOR_DRIVE_2" ("C10"); Footprint = "CAPC2012X135N"; UniqueID = "\ZMLIUIXV\NSHCEVHH" ("\ZMLIUIXV\NSHCEVHH")
Change component parameters (AddParameter): Name = "LatestRevisionDate"; Value = "29-May-2009"; VariantName = "[No Variations]"
Change component parameters (AddParameter): Name = "LatestRevisionNote"; Value = "IPC-7351 Footprint Added."; VariantName = "[No Variations]"
Change component parameters (AddParameter): Name = "PackageDescription"; Value = "Chip Capacitor"; VariantName = "[No Variations]"
Change component parameters (AddParameter): Name = "PackageReference"; Value = "C1206"; VariantName = "[No Variations]"
Change component parameters (AddParameter): Name = "Published"; Value = "8-Jun-2000"; VariantName = "[No Variations]"
Change component parameters (AddParameter): Name = "Publisher"; Value = "Altium Limited"; VariantName = "[No Variations]"
Change component parameters (AddParameter): Name = "Value"; Value = "100nF"; VariantName = "[No Variations]"
Change component parameters: Designator = "C10_MOTOR_DRIVE_3" ("C10"); Footprint = "CAPC2012X135N"; UniqueID = "\FLJRVLOL\NSHCEVHH" ("\FLJRVLOL\NSHCEVHH")
Change component parameters (AddParameter): Name = "LatestRevisionDate"; Value = "29-May-2009"; VariantName = "[No Variations]"
Change component parameters (AddParameter): Name = "LatestRevisionNote"; Value = "IPC-7351 Footprint Added."; VariantName = "[No Variations]"
Change component parameters (AddParameter): Name = "PackageDescription"; Value = "Chip Capacitor"; VariantName = "[No Variations]"
Change component parameters (AddParameter): Name = "PackageReference"; Value = "C1206"; VariantName = "[No Variations]"
Change component parameters (AddParameter): Name = "Published"; Value = "8-Jun-2000"; VariantName = "[No Variations]"
Change component parameters (AddParameter): Name = "Publisher"; Value = "Altium Limited"; VariantName = "[No Variations]"
Change component parameters (AddParameter): Name = "Value"; Value = "100nF"; VariantName = "[No Variations]"
Change component parameters: Designator = "C11_MOTOR_DRIVE_1" ("C11"); Footprint = "CAPC2012X135N"; UniqueID = "\QBKRYTLD\MMFKAXKV" ("\QBKRYTLD\MMFKAXKV")
Change component parameters (AddParameter): Name = "LatestRevisionDate"; Value = "29-May-2009"; VariantName = "[No Variations]"
Change component parameters (AddParameter): Name = "LatestRevisionNote"; Value = "IPC-7351 Footprint Added."; VariantName = "[No Variations]"
Change component parameters (AddParameter): Name = "PackageDescription"; Value = "Chip Capacitor"; VariantName = "[No Variations]"
Change component parameters (AddParameter): Name = "PackageReference"; Value = "C1206"; VariantName = "[No Variations]"
Change component parameters (AddParameter): Name = "Published"; Value = "8-Jun-2000"; VariantName = "[No Variations]"
Change component parameters (AddParameter): Name = "Publisher"; Value = "Altium Limited"; VariantName = "[No Variations]"
Change component parameters (AddParameter): Name = "Value"; Value = "100nF"; VariantName = "[No Variations]"
Change component parameters: Designator = "C11_MOTOR_DRIVE_2" ("C11"); Footprint = "CAPC2012X135N"; UniqueID = "\ZMLIUIXV\MMFKAXKV" ("\ZMLIUIXV\MMFKAXKV")
Change component parameters (AddParameter): Name = "LatestRevisionDate"; Value = "29-May-2009"; VariantName = "[No Variations]"
Change component parameters (AddParameter): Name = "LatestRevisionNote"; Value = "IPC-7351 Footprint Added."; VariantName = "[No Variations]"
Change component parameters (AddParameter): Name = "PackageDescription"; Value = "Chip Capacitor"; VariantName = "[No Variations]"
Change component parameters (AddParameter): Name = "PackageReference"; Value = "C1206"; VariantName = "[No Variations]"
Change component parameters (AddParameter): Name = "Published"; Value = "8-Jun-2000"; VariantName = "[No Variations]"
Change component parameters (AddParameter): Name = "Publisher"; Value = "Altium Limited"; VariantName = "[No Variations]"
Change component parameters (AddParameter): Name = "Value"; Value = "100nF"; VariantName = "[No Variations]"
Change component parameters: Designator = "C11_MOTOR_DRIVE_3" ("C11"); Footprint = "CAPC2012X135N"; UniqueID = "\FLJRVLOL\MMFKAXKV" ("\FLJRVLOL\MMFKAXKV")
Change component parameters (AddParameter): Name = "LatestRevisionDate"; Value = "29-May-2009"; VariantName = "[No Variations]"
Change component parameters (AddParameter): Name = "LatestRevisionNote"; Value = "IPC-7351 Footprint Added."; VariantName = "[No Variations]"
Change component parameters (AddParameter): Name = "PackageDescription"; Value = "Chip Capacitor"; VariantName = "[No Variations]"
Change component parameters (AddParameter): Name = "PackageReference"; Value = "C1206"; VariantName = "[No Variations]"
Change component parameters (AddParameter): Name = "Published"; Value = "8-Jun-2000"; VariantName = "[No Variations]"
Change component parameters (AddParameter): Name = "Publisher"; Value = "Altium Limited"; VariantName = "[No Variations]"
Change component parameters (AddParameter): Name = "Value"; Value = "100nF"; VariantName = "[No Variations]"
Added Component: Designator=Q1(E3)
Add component (AddParameter): Name = "LatestRevisionDate"; Value = "17-Jul-2002"; VariantName = "[No Variations]"
Add component (AddParameter): Name = "LatestRevisionNote"; Value = "Re-released for DXP Platform."; VariantName = "[No Variations]"
Add component (AddParameter): Name = "PackageDescription"; Value = "TO, Flat Index; 3 In-Line, Axial Leads; Body Dia. 4.6mm; Lead Dia. 0.5 mm (max)"; VariantName = "[No Variations]"
Add component (AddParameter): Name = "PackageReference"; Value = "E3"; VariantName = "[No Variations]"
Add component (AddParameter): Name = "PackageVersion"; Value = "1995/1996"; VariantName = "[No Variations]"
Add component (AddParameter): Name = "Published"; Value = "8-Jun-2000"; VariantName = "[No Variations]"
Add component (AddParameter): Name = "Publisher"; Value = "Altium Limited"; VariantName = "[No Variations]"
Added Pin To Net: NetName=GNDB Pin=C10_MOTOR_DRIVE_1-1
Added Pin To Net: NetName=+5V_DR_MOTOR_DRIVE_1 Pin=C10_MOTOR_DRIVE_1-2
Added Pin To Net: NetName=GNDB Pin=C10_MOTOR_DRIVE_2-1
Added Pin To Net: NetName=+5V_DR_MOTOR_DRIVE_1 Pin=C10_MOTOR_DRIVE_2-2
Added Pin To Net: NetName=GNDB Pin=C10_MOTOR_DRIVE_3-1
Added Pin To Net: NetName=+5V_DR_MOTOR_DRIVE_1 Pin=C10_MOTOR_DRIVE_3-2
Added Pin To Net: NetName=GNDB Pin=C11_MOTOR_DRIVE_1-1
Added Pin To Net: NetName=V_BATT Pin=C11_MOTOR_DRIVE_1-2
Added Pin To Net: NetName=GNDB Pin=C11_MOTOR_DRIVE_2-1
Added Pin To Net: NetName=V_BATT Pin=C11_MOTOR_DRIVE_2-2
Added Pin To Net: NetName=GNDB Pin=C11_MOTOR_DRIVE_3-1
Added Pin To Net: NetName=V_BATT Pin=C11_MOTOR_DRIVE_3-2
Added Pin To Net: NetName=NetP1_1 Pin=Q1-1
Added Pin To Net: NetName=V_BATT Pin=Q1-3
Added Member To Class: ClassName=motor_MCU Member=Component Q1 BUK6Y10-30P
