Removed Pin From Net: NetName=GNDB Pin=R14_MOTOR_DRIVE_1-1
Removed Pin From Net: NetName=GNDB Pin=R14_MOTOR_DRIVE_2-1
Removed Pin From Net: NetName=GNDB Pin=R14_MOTOR_DRIVE_3-1
Removed Pin From Net: NetName=NetR10_MOTOR_DRIVE_1_1 Pin=U10_MOTOR_DRIVE_1-1
Removed Pin From Net: NetName=NetR11_MOTOR_DRIVE_1_1 Pin=U10_MOTOR_DRIVE_1-2
Removed Pin From Net: NetName=M1_PWM_2B Pin=U10_MOTOR_DRIVE_1-3
Removed Pin From Net: NetName=M1_PWM_1B Pin=U10_MOTOR_DRIVE_1-4
Removed Pin From Net: NetName=DRV_OFF_MOTOR_DRIVE_1 Pin=U10_MOTOR_DRIVE_1-5
Removed Pin From Net: NetName=V_BATT Pin=U10_MOTOR_DRIVE_1-6
Removed Pin From Net: NetName=V_BATT Pin=U10_MOTOR_DRIVE_1-7
Removed Pin From Net: NetName=V_BATT Pin=U10_MOTOR_DRIVE_1-8
Removed Pin From Net: NetName=M_OUT_+_MOTOR_DRIVE_1 Pin=U10_MOTOR_DRIVE_1-9
Removed Pin From Net: NetName=M_OUT_+_MOTOR_DRIVE_1 Pin=U10_MOTOR_DRIVE_1-10
Removed Pin From Net: NetName=M_OUT_+_MOTOR_DRIVE_1 Pin=U10_MOTOR_DRIVE_1-11
Removed Pin From Net: NetName=GNDB Pin=U10_MOTOR_DRIVE_1-12
Removed Pin From Net: NetName=GNDB Pin=U10_MOTOR_DRIVE_1-13
Removed Pin From Net: NetName=GNDB Pin=U10_MOTOR_DRIVE_1-14
Removed Pin From Net: NetName=GNDB Pin=U10_MOTOR_DRIVE_1-15
Removed Pin From Net: NetName=GNDB Pin=U10_MOTOR_DRIVE_1-16
Removed Pin From Net: NetName=GNDB Pin=U10_MOTOR_DRIVE_1-17
Removed Pin From Net: NetName=M_OUT_-_MOTOR_DRIVE_1 Pin=U10_MOTOR_DRIVE_1-18
Removed Pin From Net: NetName=M_OUT_-_MOTOR_DRIVE_1 Pin=U10_MOTOR_DRIVE_1-19
Removed Pin From Net: NetName=M_OUT_-_MOTOR_DRIVE_1 Pin=U10_MOTOR_DRIVE_1-20
Removed Pin From Net: NetName=V_BATT Pin=U10_MOTOR_DRIVE_1-21
Removed Pin From Net: NetName=V_BATT Pin=U10_MOTOR_DRIVE_1-22
Removed Pin From Net: NetName=V_BATT Pin=U10_MOTOR_DRIVE_1-23
Removed Pin From Net: NetName=+5V_DR_MOTOR_DRIVE_1 Pin=U10_MOTOR_DRIVE_1-24
Removed Pin From Net: NetName=NetD4_MOTOR_DRIVE_1_2 Pin=U10_MOTOR_DRIVE_1-26
Removed Pin From Net: NetName=NetR12_MOTOR_DRIVE_1_1 Pin=U10_MOTOR_DRIVE_1-27
Removed Pin From Net: NetName=NetR13_MOTOR_DRIVE_1_1 Pin=U10_MOTOR_DRIVE_1-28
Removed Pin From Net: NetName=NetR10_MOTOR_DRIVE_2_1 Pin=U10_MOTOR_DRIVE_2-1
Removed Pin From Net: NetName=NetR11_MOTOR_DRIVE_2_1 Pin=U10_MOTOR_DRIVE_2-2
Removed Pin From Net: NetName=M2_PWM_2B Pin=U10_MOTOR_DRIVE_2-3
Removed Pin From Net: NetName=M2_PWM_1B Pin=U10_MOTOR_DRIVE_2-4
Removed Pin From Net: NetName=DRV_OFF_MOTOR_DRIVE_1 Pin=U10_MOTOR_DRIVE_2-5
Removed Pin From Net: NetName=V_BATT Pin=U10_MOTOR_DRIVE_2-6
Removed Pin From Net: NetName=V_BATT Pin=U10_MOTOR_DRIVE_2-7
Removed Pin From Net: NetName=V_BATT Pin=U10_MOTOR_DRIVE_2-8
Removed Pin From Net: NetName=M_OUT_+_MOTOR_DRIVE_2 Pin=U10_MOTOR_DRIVE_2-9
Removed Pin From Net: NetName=M_OUT_+_MOTOR_DRIVE_2 Pin=U10_MOTOR_DRIVE_2-10
Removed Pin From Net: NetName=M_OUT_+_MOTOR_DRIVE_2 Pin=U10_MOTOR_DRIVE_2-11
Removed Pin From Net: NetName=GNDB Pin=U10_MOTOR_DRIVE_2-12
Removed Pin From Net: NetName=GNDB Pin=U10_MOTOR_DRIVE_2-13
Removed Pin From Net: NetName=GNDB Pin=U10_MOTOR_DRIVE_2-14
Removed Pin From Net: NetName=GNDB Pin=U10_MOTOR_DRIVE_2-15
Removed Pin From Net: NetName=GNDB Pin=U10_MOTOR_DRIVE_2-16
Removed Pin From Net: NetName=GNDB Pin=U10_MOTOR_DRIVE_2-17
Removed Pin From Net: NetName=M_OUT_-_MOTOR_DRIVE_2 Pin=U10_MOTOR_DRIVE_2-18
Removed Pin From Net: NetName=M_OUT_-_MOTOR_DRIVE_2 Pin=U10_MOTOR_DRIVE_2-19
Removed Pin From Net: NetName=M_OUT_-_MOTOR_DRIVE_2 Pin=U10_MOTOR_DRIVE_2-20
Removed Pin From Net: NetName=V_BATT Pin=U10_MOTOR_DRIVE_2-21
Removed Pin From Net: NetName=V_BATT Pin=U10_MOTOR_DRIVE_2-22
Removed Pin From Net: NetName=V_BATT Pin=U10_MOTOR_DRIVE_2-23
Removed Pin From Net: NetName=+5V_DR_MOTOR_DRIVE_1 Pin=U10_MOTOR_DRIVE_2-24
Removed Pin From Net: NetName=NetD4_MOTOR_DRIVE_2_2 Pin=U10_MOTOR_DRIVE_2-26
Removed Pin From Net: NetName=NetR12_MOTOR_DRIVE_2_1 Pin=U10_MOTOR_DRIVE_2-27
Removed Pin From Net: NetName=NetR13_MOTOR_DRIVE_2_1 Pin=U10_MOTOR_DRIVE_2-28
Removed Pin From Net: NetName=NetR10_MOTOR_DRIVE_3_1 Pin=U10_MOTOR_DRIVE_3-1
Removed Pin From Net: NetName=NetR11_MOTOR_DRIVE_3_1 Pin=U10_MOTOR_DRIVE_3-2
Removed Pin From Net: NetName=M3_PWM_2B Pin=U10_MOTOR_DRIVE_3-3
Removed Pin From Net: NetName=M3_PWM_1B Pin=U10_MOTOR_DRIVE_3-4
Removed Pin From Net: NetName=DRV_OFF_MOTOR_DRIVE_1 Pin=U10_MOTOR_DRIVE_3-5
Removed Pin From Net: NetName=V_BATT Pin=U10_MOTOR_DRIVE_3-6
Removed Pin From Net: NetName=V_BATT Pin=U10_MOTOR_DRIVE_3-7
Removed Pin From Net: NetName=V_BATT Pin=U10_MOTOR_DRIVE_3-8
Removed Pin From Net: NetName=M_OUT_+_MOTOR_DRIVE_3 Pin=U10_MOTOR_DRIVE_3-9
Removed Pin From Net: NetName=M_OUT_+_MOTOR_DRIVE_3 Pin=U10_MOTOR_DRIVE_3-10
Removed Pin From Net: NetName=M_OUT_+_MOTOR_DRIVE_3 Pin=U10_MOTOR_DRIVE_3-11
Removed Pin From Net: NetName=GNDB Pin=U10_MOTOR_DRIVE_3-12
Removed Pin From Net: NetName=GNDB Pin=U10_MOTOR_DRIVE_3-13
Removed Pin From Net: NetName=GNDB Pin=U10_MOTOR_DRIVE_3-14
Removed Pin From Net: NetName=GNDB Pin=U10_MOTOR_DRIVE_3-15
Removed Pin From Net: NetName=GNDB Pin=U10_MOTOR_DRIVE_3-16
Removed Pin From Net: NetName=GNDB Pin=U10_MOTOR_DRIVE_3-17
Removed Pin From Net: NetName=M_OUT_-_MOTOR_DRIVE_3 Pin=U10_MOTOR_DRIVE_3-18
Removed Pin From Net: NetName=M_OUT_-_MOTOR_DRIVE_3 Pin=U10_MOTOR_DRIVE_3-19
Removed Pin From Net: NetName=M_OUT_-_MOTOR_DRIVE_3 Pin=U10_MOTOR_DRIVE_3-20
Removed Pin From Net: NetName=V_BATT Pin=U10_MOTOR_DRIVE_3-21
Removed Pin From Net: NetName=V_BATT Pin=U10_MOTOR_DRIVE_3-22
Removed Pin From Net: NetName=V_BATT Pin=U10_MOTOR_DRIVE_3-23
Removed Pin From Net: NetName=+5V_DR_MOTOR_DRIVE_1 Pin=U10_MOTOR_DRIVE_3-24
Removed Pin From Net: NetName=NetD4_MOTOR_DRIVE_3_2 Pin=U10_MOTOR_DRIVE_3-26
Removed Pin From Net: NetName=NetR12_MOTOR_DRIVE_3_1 Pin=U10_MOTOR_DRIVE_3-27
Removed Pin From Net: NetName=NetR13_MOTOR_DRIVE_3_1 Pin=U10_MOTOR_DRIVE_3-28
Removed Member From Class: ClassName=MOTOR_DRIVE_1 Member=U10_MOTOR_DRIVE_1
Removed Member From Class: ClassName=MOTOR_DRIVE_2 Member=U10_MOTOR_DRIVE_2
Removed Member From Class: ClassName=MOTOR_DRIVE_3 Member=U10_MOTOR_DRIVE_3
Change Component Comment : Designator=R10_MOTOR_DRIVE_1 Old Comment=Rdiag New Comment=Rsr
Change Component Comment : Designator=R10_MOTOR_DRIVE_2 Old Comment=Rdiag New Comment=Rsr
Change Component Comment : Designator=R10_MOTOR_DRIVE_3 Old Comment=Rdiag New Comment=Rsr
Added Component: Designator=U?_MOTOR_DRIVE_1(RXY0014A-MFG)
Add component (AddParameter): Name = "Copyright"; Value = "Copyright (C) 2021 Ultra Librarian. All rights reserved."; VariantName = "[No Variations]"
Add component (AddParameter): Name = "Manufacturer_Part_Number"; Value = "PDRV8243HRXYQ1"; VariantName = "[No Variations]"
Add component (AddParameter): Name = "Mfr_Name"; Value = "Texas Instruments"; VariantName = "[No Variations]"
Add component (AddParameter): Name = "RefDes"; Value = "RefDes"; VariantName = "[No Variations]"
Add component (AddParameter): Name = "Type"; Value = "DEV"; VariantName = "[No Variations]"
Added Component: Designator=U?_MOTOR_DRIVE_2(RXY0014A-MFG)
Add component (AddParameter): Name = "Copyright"; Value = "Copyright (C) 2021 Ultra Librarian. All rights reserved."; VariantName = "[No Variations]"
Add component (AddParameter): Name = "Manufacturer_Part_Number"; Value = "PDRV8243HRXYQ1"; VariantName = "[No Variations]"
Add component (AddParameter): Name = "Mfr_Name"; Value = "Texas Instruments"; VariantName = "[No Variations]"
Add component (AddParameter): Name = "RefDes"; Value = "RefDes"; VariantName = "[No Variations]"
Add component (AddParameter): Name = "Type"; Value = "DEV"; VariantName = "[No Variations]"
Added Component: Designator=U?_MOTOR_DRIVE_3(RXY0014A-MFG)
Add component (AddParameter): Name = "Copyright"; Value = "Copyright (C) 2021 Ultra Librarian. All rights reserved."; VariantName = "[No Variations]"
Add component (AddParameter): Name = "Manufacturer_Part_Number"; Value = "PDRV8243HRXYQ1"; VariantName = "[No Variations]"
Add component (AddParameter): Name = "Mfr_Name"; Value = "Texas Instruments"; VariantName = "[No Variations]"
Add component (AddParameter): Name = "RefDes"; Value = "RefDes"; VariantName = "[No Variations]"
Add component (AddParameter): Name = "Type"; Value = "DEV"; VariantName = "[No Variations]"
Added Pin To Net: NetName=GNDB Pin=R14_MOTOR_DRIVE_1-2
Added Pin To Net: NetName=GNDB Pin=R14_MOTOR_DRIVE_2-2
Added Pin To Net: NetName=GNDB Pin=R14_MOTOR_DRIVE_3-2
Added Pin To Net: NetName=NetD4_MOTOR_DRIVE_1_2 Pin=U?_MOTOR_DRIVE_1-1
Added Pin To Net: NetName=+5V_DR_MOTOR_DRIVE_1 Pin=U?_MOTOR_DRIVE_1-3
Added Pin To Net: NetName=V_BATT Pin=U?_MOTOR_DRIVE_1-4
Added Pin To Net: NetName=M_OUT_+_MOTOR_DRIVE_1 Pin=U?_MOTOR_DRIVE_1-5
Added Pin To Net: NetName=GNDB Pin=U?_MOTOR_DRIVE_1-6
Added Pin To Net: NetName=M_OUT_-_MOTOR_DRIVE_1 Pin=U?_MOTOR_DRIVE_1-7
Added Pin To Net: NetName=DRV_OFF_MOTOR_DRIVE_1 Pin=U?_MOTOR_DRIVE_1-8
Added Pin To Net: NetName=M1_PWM_1B Pin=U?_MOTOR_DRIVE_1-9
Added Pin To Net: NetName=M1_PWM_2B Pin=U?_MOTOR_DRIVE_1-10
Added Pin To Net: NetName=NetR11_MOTOR_DRIVE_1_1 Pin=U?_MOTOR_DRIVE_1-11
Added Pin To Net: NetName=NetR10_MOTOR_DRIVE_1_1 Pin=U?_MOTOR_DRIVE_1-12
Added Pin To Net: NetName=NetR13_MOTOR_DRIVE_1_1 Pin=U?_MOTOR_DRIVE_1-13
Added Pin To Net: NetName=NetR12_MOTOR_DRIVE_1_1 Pin=U?_MOTOR_DRIVE_1-14
Added Pin To Net: NetName=NetD4_MOTOR_DRIVE_2_2 Pin=U?_MOTOR_DRIVE_2-1
Added Pin To Net: NetName=+5V_DR_MOTOR_DRIVE_1 Pin=U?_MOTOR_DRIVE_2-3
Added Pin To Net: NetName=V_BATT Pin=U?_MOTOR_DRIVE_2-4
Added Pin To Net: NetName=M_OUT_+_MOTOR_DRIVE_2 Pin=U?_MOTOR_DRIVE_2-5
Added Pin To Net: NetName=GNDB Pin=U?_MOTOR_DRIVE_2-6
Added Pin To Net: NetName=M_OUT_-_MOTOR_DRIVE_2 Pin=U?_MOTOR_DRIVE_2-7
Added Pin To Net: NetName=DRV_OFF_MOTOR_DRIVE_1 Pin=U?_MOTOR_DRIVE_2-8
Added Pin To Net: NetName=M2_PWM_1B Pin=U?_MOTOR_DRIVE_2-9
Added Pin To Net: NetName=M2_PWM_2B Pin=U?_MOTOR_DRIVE_2-10
Added Pin To Net: NetName=NetR11_MOTOR_DRIVE_2_1 Pin=U?_MOTOR_DRIVE_2-11
Added Pin To Net: NetName=NetR10_MOTOR_DRIVE_2_1 Pin=U?_MOTOR_DRIVE_2-12
Added Pin To Net: NetName=NetR13_MOTOR_DRIVE_2_1 Pin=U?_MOTOR_DRIVE_2-13
Added Pin To Net: NetName=NetR12_MOTOR_DRIVE_2_1 Pin=U?_MOTOR_DRIVE_2-14
Added Pin To Net: NetName=NetD4_MOTOR_DRIVE_3_2 Pin=U?_MOTOR_DRIVE_3-1
Added Pin To Net: NetName=+5V_DR_MOTOR_DRIVE_1 Pin=U?_MOTOR_DRIVE_3-3
Added Pin To Net: NetName=V_BATT Pin=U?_MOTOR_DRIVE_3-4
Added Pin To Net: NetName=M_OUT_+_MOTOR_DRIVE_3 Pin=U?_MOTOR_DRIVE_3-5
Added Pin To Net: NetName=GNDB Pin=U?_MOTOR_DRIVE_3-6
Added Pin To Net: NetName=M_OUT_-_MOTOR_DRIVE_3 Pin=U?_MOTOR_DRIVE_3-7
Added Pin To Net: NetName=DRV_OFF_MOTOR_DRIVE_1 Pin=U?_MOTOR_DRIVE_3-8
Added Pin To Net: NetName=M3_PWM_1B Pin=U?_MOTOR_DRIVE_3-9
Added Pin To Net: NetName=M3_PWM_2B Pin=U?_MOTOR_DRIVE_3-10
Added Pin To Net: NetName=NetR11_MOTOR_DRIVE_3_1 Pin=U?_MOTOR_DRIVE_3-11
Added Pin To Net: NetName=NetR10_MOTOR_DRIVE_3_1 Pin=U?_MOTOR_DRIVE_3-12
Added Pin To Net: NetName=NetR13_MOTOR_DRIVE_3_1 Pin=U?_MOTOR_DRIVE_3-13
Added Pin To Net: NetName=NetR12_MOTOR_DRIVE_3_1 Pin=U?_MOTOR_DRIVE_3-14
Added Pin To Net: NetName=NetR14_MOTOR_DRIVE_1_1 Pin=R14_MOTOR_DRIVE_1-1
Added Pin To Net: NetName=NetR14_MOTOR_DRIVE_1_1 Pin=U?_MOTOR_DRIVE_1-2
Added Net: Name=NetR14_MOTOR_DRIVE_1_1
Added Pin To Net: NetName=NetR14_MOTOR_DRIVE_2_1 Pin=R14_MOTOR_DRIVE_2-1
Added Pin To Net: NetName=NetR14_MOTOR_DRIVE_2_1 Pin=U?_MOTOR_DRIVE_2-2
Added Net: Name=NetR14_MOTOR_DRIVE_2_1
Added Pin To Net: NetName=NetR14_MOTOR_DRIVE_3_1 Pin=R14_MOTOR_DRIVE_3-1
Added Pin To Net: NetName=NetR14_MOTOR_DRIVE_3_1 Pin=U?_MOTOR_DRIVE_3-2
Added Net: Name=NetR14_MOTOR_DRIVE_3_1
Added Member To Class: ClassName=MOTOR_DRIVE_1 Member=Component U?_MOTOR_DRIVE_1 (U?) PDRV8243HRXYQ1
Added Member To Class: ClassName=MOTOR_DRIVE_2 Member=Component U?_MOTOR_DRIVE_2 (U?) PDRV8243HRXYQ1
Added Member To Class: ClassName=MOTOR_DRIVE_3 Member=Component U?_MOTOR_DRIVE_3 (U?) PDRV8243HRXYQ1
