Removed Pin From Net: NetName=+5_MOTOR_DRIVE_1 Pin=R15_MOTOR_DRIVE_1-2
Removed Pin From Net: NetName=+5_MOTOR_DRIVE_1 Pin=R15_MOTOR_DRIVE_2-2
Removed Pin From Net: NetName=+5_MOTOR_DRIVE_1 Pin=R15_MOTOR_DRIVE_3-2
Change Net Name : Old Net Name=+5_MOTOR_DRIVE_1 New Net Name=+5V_MOTOR_DRIVE_1
Added Pin To Net: NetName=+5 Pin=R15_MOTOR_DRIVE_1-2
Added Pin To Net: NetName=+5 Pin=R15_MOTOR_DRIVE_2-2
Added Pin To Net: NetName=+5 Pin=R15_MOTOR_DRIVE_3-2
Added Net: Name=+5
Added Pin To Net: NetName=M_OUT_+_MOTOR_DRIVE_1 Pin=P3-1
Added Net: Name=M_OUT_+_MOTOR_DRIVE_1
Added Pin To Net: NetName=M_OUT_+_MOTOR_DRIVE_2 Pin=P5-1
Added Net: Name=M_OUT_+_MOTOR_DRIVE_2
Added Pin To Net: NetName=M_OUT_+_MOTOR_DRIVE_3 Pin=P7-1
Added Net: Name=M_OUT_+_MOTOR_DRIVE_3
Added Pin To Net: NetName=M_OUT_-_MOTOR_DRIVE_1 Pin=P4-1
Added Net: Name=M_OUT_-_MOTOR_DRIVE_1
Added Pin To Net: NetName=M_OUT_-_MOTOR_DRIVE_2 Pin=P6-1
Added Net: Name=M_OUT_-_MOTOR_DRIVE_2
Added Pin To Net: NetName=M_OUT_-_MOTOR_DRIVE_3 Pin=P8-1
Added Net: Name=M_OUT_-_MOTOR_DRIVE_3
